<?xml version="1.0" encoding="UTF-8"?>
<!-- Generated by org.testng.reporters.JUnitReportReporter -->
<testsuite hostname="DESKTOP-T2FG83M" failures="0" tests="5" name="demo.All_functions_demo" time="113.259" errors="0" timestamp="2022-12-07T10:34:31 IST" skipped="0">
  <testcase classname="demo.All_functions_demo" name="tc5" time="28.960"/>
  <system-out/>
  <testcase classname="demo.All_functions_demo" name="tc1" time="24.042"/>
  <system-out/>
  <testcase classname="demo.All_functions_demo" name="tc2" time="11.631"/>
  <system-out/>
  <testcase classname="demo.All_functions_demo" name="tc4" time="29.386"/>
  <system-out/>
  <testcase classname="demo.All_functions_demo" name="tc3" time="19.240"/>
  <system-out/>
</testsuite> <!-- demo.All_functions_demo -->
