<?xml version="1.0" encoding="UTF-8"?>
<!-- Generated by org.testng.reporters.JUnitReportReporter -->
<testsuite hostname="DESKTOP-T2FG83M" failures="0" tests="6" name="demo.Native_apps" time="14.698" errors="0" timestamp="2022-12-09T11:19:29 IST" skipped="5">
  <testcase classname="demo.Native_apps" name="tc2" time="14.698"/>
  <system-out/>
  <testcase classname="demo.Native_apps" name="tc1">
    <skipped/>
  </testcase> <!-- tc1 -->
  <system-out/>
  <testcase classname="demo.Native_apps" name="tap_and_longPress">
    <skipped/>
  </testcase> <!-- tap_and_longPress -->
  <system-out/>
  <testcase classname="demo.Native_apps" name="switching_apps">
    <skipped/>
  </testcase> <!-- switching_apps -->
  <system-out/>
  <testcase classname="demo.Native_apps" name="swipe">
    <skipped/>
  </testcase> <!-- swipe -->
  <system-out/>
  <testcase classname="demo.Native_apps" name="scroll">
    <skipped/>
  </testcase> <!-- scroll -->
  <system-out/>
</testsuite> <!-- demo.Native_apps -->
