<?xml version="1.0" encoding="UTF-8"?>
<!-- Generated by org.testng.reporters.JUnitReportReporter -->
<testsuite hostname="DESKTOP-T2FG83M" failures="0" tests="1" name="demo.Instagram" time="0.020" errors="0" timestamp="2022-12-09T11:00:37 IST" skipped="0">
  <testcase classname="demo.Instagram" name="tc1" time="0.020"/>
  <system-out/>
</testsuite> <!-- demo.Instagram -->
