<?xml version="1.0" encoding="UTF-8"?>
<!-- Generated by org.testng.reporters.JUnitReportReporter -->
<testsuite hostname="DESKTOP-T2FG83M" failures="0" tests="5" name="demo.Demo2" time="81.148" errors="0" timestamp="2022-12-01T15:04:31 IST" skipped="0">
  <testcase classname="demo.Demo2" name="tc2" time="28.829"/>
  <system-out/>
  <testcase classname="demo.Demo2" name="tc3" time="10.387"/>
  <system-out/>
  <testcase classname="demo.Demo2" name="tc1" time="19.559"/>
  <system-out/>
  <testcase classname="demo.Demo2" name="tc4" time="11.473"/>
  <system-out/>
  <testcase classname="demo.Demo2" name="tc5" time="10.900"/>
  <system-out/>
</testsuite> <!-- demo.Demo2 -->
