<?xml version="1.0" encoding="UTF-8"?>
<!-- Generated by org.testng.reporters.JUnitReportReporter -->
<testsuite hostname="DESKTOP-T2FG83M" failures="0" tests="1" name="demo.Native_flipkart" time="0.043" errors="0" timestamp="2022-12-02T17:40:26 IST" skipped="0">
  <testcase classname="demo.Native_flipkart" name="tc1" time="0.043"/>
  <system-out/>
</testsuite> <!-- demo.Native_flipkart -->
