<?xml version="1.0" encoding="UTF-8"?>
<!-- Generated by org.testng.reporters.JUnitReportReporter -->
<testsuite hostname="DESKTOP-T2FG83M" failures="0" tests="3" name="demo.Native_maxFashion" time="64.713" errors="0" timestamp="2022-12-06T08:19:48 IST" skipped="0">
  <testcase classname="demo.Native_maxFashion" name="tc1" time="40.191"/>
  <system-out/>
  <testcase classname="demo.Native_maxFashion" name="tc2" time="17.123"/>
  <system-out/>
  <testcase classname="demo.Native_maxFashion" name="tc3" time="7.399"/>
  <system-out/>
</testsuite> <!-- demo.Native_maxFashion -->
